Ign http://dl.google.com stable InRelease
Hit http://dl.google.com stable Release.gpg
Ign http://in.archive.ubuntu.com trusty InRelease
Get:1 http://in.archive.ubuntu.com trusty-updates InRelease [65.9 kB]
Hit http://security.ubuntu.com trusty-security InRelease
Ign http://pkg.jenkins-ci.org binary/ InRelease
Hit http://ppa.launchpad.net trusty InRelease
Hit http://security.ubuntu.com trusty-security/main Sources
Hit http://pkg.jenkins-ci.org binary/ Release.gpg
Hit http://ppa.launchpad.net trusty/main amd64 Packages
Hit http://in.archive.ubuntu.com trusty-backports InRelease
Hit http://in.archive.ubuntu.com trusty Release.gpg
Hit http://pkg.jenkins-ci.org binary/ Release
Hit http://security.ubuntu.com trusty-security/restricted Sources
Hit http://ppa.launchpad.net trusty/main i386 Packages
Get:2 http://in.archive.ubuntu.com trusty-updates/main Sources [277 kB]
Hit http://pkg.jenkins-ci.org binary/ Packages
Hit http://security.ubuntu.com trusty-security/universe Sources
Hit http://ppa.launchpad.net trusty/main Translation-en
Hit http://security.ubuntu.com trusty-security/multiverse Sources
Hit http://dl.google.com stable Release
Hit http://security.ubuntu.com trusty-security/main amd64 Packages
Hit http://dl.google.com stable/main amd64 Packages
Get:3 http://in.archive.ubuntu.com trusty-updates/restricted Sources [5,352 B]
Get:4 http://in.archive.ubuntu.com trusty-updates/universe Sources [157 kB]
Hit http://security.ubuntu.com trusty-security/restricted amd64 Packages
Hit http://security.ubuntu.com trusty-security/universe amd64 Packages
Get:5 http://in.archive.ubuntu.com trusty-updates/multiverse Sources [5,936 B]
Get:6 http://in.archive.ubuntu.com trusty-updates/main amd64 Packages [781 kB]
Hit http://security.ubuntu.com trusty-security/multiverse amd64 Packages
Hit http://security.ubuntu.com trusty-security/main i386 Packages
Hit http://security.ubuntu.com trusty-security/restricted i386 Packages
Ign http://dl.google.com stable/main Translation-en_IN
Ign http://extras.ubuntu.com trusty InRelease
Ign http://pkg.jenkins-ci.org binary/ Translation-en_IN
Hit http://security.ubuntu.com trusty-security/universe i386 Packages
Ign http://dl.google.com stable/main Translation-en
Hit http://extras.ubuntu.com trusty Release.gpg
Ign http://pkg.jenkins-ci.org binary/ Translation-en
Hit http://security.ubuntu.com trusty-security/multiverse i386 Packages
Hit http://extras.ubuntu.com trusty Release
Hit http://security.ubuntu.com trusty-security/main Translation-en
Hit http://extras.ubuntu.com trusty/main Sources
Hit http://extras.ubuntu.com trusty/main amd64 Packages
Hit http://security.ubuntu.com trusty-security/multiverse Translation-en
Hit http://extras.ubuntu.com trusty/main i386 Packages
Get:7 http://in.archive.ubuntu.com trusty-updates/restricted amd64 Packages [15.9 kB]
Hit http://security.ubuntu.com trusty-security/restricted Translation-en
Get:8 http://in.archive.ubuntu.com trusty-updates/universe amd64 Packages [362 kB]
Hit http://security.ubuntu.com trusty-security/universe Translation-en
Get:9 http://in.archive.ubuntu.com trusty-updates/multiverse amd64 Packages [13.2 kB]
Get:10 http://in.archive.ubuntu.com trusty-updates/main i386 Packages [748 kB]
Ign http://extras.ubuntu.com trusty/main Translation-en_IN
Ign http://extras.ubuntu.com trusty/main Translation-en
Get:11 http://in.archive.ubuntu.com trusty-updates/restricted i386 Packages [15.6 kB]
Get:12 http://in.archive.ubuntu.com trusty-updates/universe i386 Packages [363 kB]
Get:13 http://in.archive.ubuntu.com trusty-updates/multiverse i386 Packages [13.6 kB]
Get:14 http://in.archive.ubuntu.com trusty-updates/main Translation-en [391 kB]
Get:15 http://in.archive.ubuntu.com trusty-updates/multiverse Translation-en [7,227 B]
Get:16 http://in.archive.ubuntu.com trusty-updates/restricted Translation-en [3,699 B]
Get:17 http://in.archive.ubuntu.com trusty-updates/universe Translation-en [189 kB]
Hit http://in.archive.ubuntu.com trusty-backports/main Sources
Hit http://in.archive.ubuntu.com trusty-backports/restricted Sources
Hit http://in.archive.ubuntu.com trusty-backports/universe Sources
Hit http://in.archive.ubuntu.com trusty-backports/multiverse Sources
Hit http://in.archive.ubuntu.com trusty-backports/main amd64 Packages
Hit http://in.archive.ubuntu.com trusty-backports/restricted amd64 Packages
Hit http://in.archive.ubuntu.com trusty-backports/universe amd64 Packages
Hit http://in.archive.ubuntu.com trusty-backports/multiverse amd64 Packages
Hit http://in.archive.ubuntu.com trusty-backports/main i386 Packages
Hit http://in.archive.ubuntu.com trusty-backports/restricted i386 Packages
Hit http://in.archive.ubuntu.com trusty-backports/universe i386 Packages
Hit http://in.archive.ubuntu.com trusty-backports/multiverse i386 Packages
Hit http://in.archive.ubuntu.com trusty-backports/main Translation-en
Hit http://in.archive.ubuntu.com trusty-backports/multiverse Translation-en
Hit http://in.archive.ubuntu.com trusty-backports/restricted Translation-en
Hit http://in.archive.ubuntu.com trusty-backports/universe Translation-en
Hit http://in.archive.ubuntu.com trusty Release
Hit http://in.archive.ubuntu.com trusty/main Sources
Hit http://in.archive.ubuntu.com trusty/restricted Sources
Hit http://in.archive.ubuntu.com trusty/universe Sources
Hit http://in.archive.ubuntu.com trusty/multiverse Sources
Hit http://in.archive.ubuntu.com trusty/main amd64 Packages
Hit http://in.archive.ubuntu.com trusty/restricted amd64 Packages
Hit http://in.archive.ubuntu.com trusty/universe amd64 Packages
Hit http://in.archive.ubuntu.com trusty/multiverse amd64 Packages
Hit http://in.archive.ubuntu.com trusty/main i386 Packages
Hit http://in.archive.ubuntu.com trusty/restricted i386 Packages
Hit http://in.archive.ubuntu.com trusty/universe i386 Packages
Hit http://in.archive.ubuntu.com trusty/multiverse i386 Packages
Hit http://in.archive.ubuntu.com trusty/main Translation-en
Hit http://in.archive.ubuntu.com trusty/multiverse Translation-en
Hit http://in.archive.ubuntu.com trusty/restricted Translation-en
Hit http://in.archive.ubuntu.com trusty/universe Translation-en
Ign http://in.archive.ubuntu.com trusty/main Translation-en_IN
Ign http://in.archive.ubuntu.com trusty/multiverse Translation-en_IN
Ign http://in.archive.ubuntu.com trusty/restricted Translation-en_IN
Ign http://in.archive.ubuntu.com trusty/universe Translation-en_IN
Fetched 3,414 kB in 27s (125 kB/s)
Reading package lists...
Reading package lists...
Building dependency tree...
Reading state information...
awscli is already the newest version.
The following packages were automatically installed and are no longer required:
  account-plugin-windows-live libntdb1 libupstart1 linux-headers-3.16.0-30
  linux-headers-3.16.0-30-generic linux-image-3.16.0-30-generic
  linux-image-extra-3.16.0-30-generic python-ntdb
Use 'apt-get autoremove' to remove them.
0 upgraded, 0 newly installed, 0 to remove and 26 not upgraded.
AWS CLI installed
Enter Profile (leave empty for 'default'): Enter Access key: Enter Secret Access Key: Enter region: Enter output type (text/json): 