2016/06/29 13:14:40 INFO  - jmeter.util.JMeterUtils: Setting Locale to en_IN 
2016/06/29 13:14:40 INFO  - jmeter.JMeter: Loading user properties from: /usr/share/jmeter/bin/user.properties 
2016/06/29 13:14:40 INFO  - jmeter.JMeter: Loading system properties from: /usr/share/jmeter/bin/system.properties 
2016/06/29 13:14:40 INFO  - jmeter.JMeter: Setting Global property: users=5 
2016/06/29 13:14:40 INFO  - jmeter.JMeter: Setting Global property: loops=1 
2016/06/29 13:14:40 INFO  - jmeter.JMeter: Copyright (c) 1998-2012 The Apache Software Foundation 
2016/06/29 13:14:40 INFO  - jmeter.JMeter: Version 2.8.20130705 
2016/06/29 13:14:40 INFO  - jmeter.JMeter: java.version=1.7.0_101 
2016/06/29 13:14:40 INFO  - jmeter.JMeter: java.vm.name=OpenJDK 64-Bit Server VM 
2016/06/29 13:14:40 INFO  - jmeter.JMeter: os.name=Linux 
2016/06/29 13:14:40 INFO  - jmeter.JMeter: os.arch=amd64 
2016/06/29 13:14:40 INFO  - jmeter.JMeter: os.version=3.16.0-73-generic 
2016/06/29 13:14:40 INFO  - jmeter.JMeter: file.encoding=UTF-8 
2016/06/29 13:14:40 INFO  - jmeter.JMeter: Default Locale=English (India) 
2016/06/29 13:14:40 INFO  - jmeter.JMeter: JMeter  Locale=English (India) 
2016/06/29 13:14:40 INFO  - jmeter.JMeter: JMeterHome=/usr/share/jmeter 
2016/06/29 13:14:40 INFO  - jmeter.JMeter: user.dir  =/home/ttnd/git_test 
2016/06/29 13:14:40 INFO  - jmeter.JMeter: PWD       =/home/ttnd/git_test 
2016/06/29 13:14:40 INFO  - jmeter.JMeter: IP: 127.0.1.1 Name: ttnd-TravelMate-P257-M FullName: ttnd-TravelMate-P257-M 
2016/06/29 13:14:40 INFO  - jmeter.services.FileServer: Default base='/home/ttnd/git_test' 
2016/06/29 13:14:40 INFO  - jmeter.services.FileServer: Set new base='/usr/share/jmeter/extras' 
2016/06/29 13:14:40 INFO  - jmeter.JMeter: Loading file: /usr/share/jmeter/extras/tothenew.jmx 
2016/06/29 13:14:40 INFO  - jmeter.save.SaveService: Testplan (JMX) version: 2.2. Testlog (JTL) version: 2.2 
2016/06/29 13:14:40 INFO  - jmeter.save.SaveService: Using SaveService properties file encoding UTF-8 
2016/06/29 13:14:40 INFO  - jmeter.save.SaveService: Using SaveService properties file version 1382180 
2016/06/29 13:14:40 INFO  - jmeter.save.SaveService: Using SaveService properties version 2.3 
2016/06/29 13:14:40 INFO  - jmeter.save.SaveService: All converter versions present and correct 
2016/06/29 13:14:40 INFO  - jmeter.protocol.http.sampler.HTTPSamplerBase: Cannot find .className property for htmlParser, using default 
2016/06/29 13:14:40 INFO  - jmeter.protocol.http.sampler.HTTPSamplerBase: Parser for text/html is  
2016/06/29 13:14:40 INFO  - jmeter.protocol.http.sampler.HTTPSamplerBase: Parser for application/xhtml+xml is  
2016/06/29 13:14:40 INFO  - jmeter.protocol.http.sampler.HTTPSamplerBase: Parser for application/xml is  
2016/06/29 13:14:40 INFO  - jmeter.protocol.http.sampler.HTTPSamplerBase: Parser for text/xml is  
2016/06/29 13:14:40 INFO  - jmeter.protocol.http.sampler.HTTPSamplerBase: Parser for text/vnd.wap.wml is org.apache.jmeter.protocol.http.parser.RegexpHTMLParser 
2016/06/29 13:14:40 INFO  - jmeter.protocol.http.sampler.HTTPSamplerBase: Reuse SSL session context on subsequent iterations: true 
2016/06/29 13:14:40 INFO  - jmeter.JMeter: Creating summariser <summary> 
2016/06/29 13:14:40 INFO  - jmeter.engine.StandardJMeterEngine: Listeners will be started after enabling running version 
2016/06/29 13:14:40 INFO  - jmeter.engine.StandardJMeterEngine: To revert to the earlier behaviour, define jmeterengine.startlistenerslater=false 
2016/06/29 13:14:40 ERROR - jmeter.JMeter: Error in NonGUIDriver java.lang.RuntimeException: Could not find the TestPlan class!
	at org.apache.jmeter.engine.StandardJMeterEngine.configure(StandardJMeterEngine.java:167)
	at org.apache.jmeter.JMeter.runNonGui(JMeter.java:785)
	at org.apache.jmeter.JMeter.startNonGui(JMeter.java:723)
	at org.apache.jmeter.JMeter.start(JMeter.java:388)
	at sun.reflect.NativeMethodAccessorImpl.invoke0(Native Method)
	at sun.reflect.NativeMethodAccessorImpl.invoke(NativeMethodAccessorImpl.java:57)
	at sun.reflect.DelegatingMethodAccessorImpl.invoke(DelegatingMethodAccessorImpl.java:43)
	at java.lang.reflect.Method.invoke(Method.java:606)
	at org.apache.jmeter.NewDriver.main(NewDriver.java:216)

